<?xml version="1.0" encoding="UTF-8"?>
<testng-results ignored="0" total="11" passed="11" failed="0" skipped="0">
  <reporter-output>
  </reporter-output>
  <suite started-at="2025-01-02T20:56:20 BRT" name="Default suite" finished-at="2025-01-02T20:56:23 BRT" duration-ms="2442">
    <groups>
      <group name="cucumber">
        <method signature="AbstractTestNGCucumberTests.runScenario(io.cucumber.testng.PickleWrapper,io.cucumber.testng.FeatureWrapper)[pri:0, instance:runner.RunCake@2a7f1f10]" name="runScenario" class="io.cucumber.testng.AbstractTestNGCucumberTests"/>
      </group> <!-- cucumber -->
    </groups>
    <test started-at="2025-01-02T20:56:20 BRT" name="Default test" finished-at="2025-01-02T20:56:23 BRT" duration-ms="2442">
      <class name="runner.RunCake">
        <test-method is-config="true" signature="setUpClass(org.testng.ITestContext)[pri:0, instance:runner.RunCake@2a7f1f10]" started-at="2025-01-02T20:56:20 BRT" name="setUpClass" finished-at="2025-01-02T20:56:21 BRT" duration-ms="967" status="PASS">
          <params>
            <param index="0">
              <value>
                <![CDATA[org.testng.TestRunner@34780cd9]]>
              </value>
            </param>
          </params>
          <reporter-output>
          </reporter-output>
        </test-method> <!-- setUpClass -->
        <test-method signature="runScenario(io.cucumber.testng.PickleWrapper,io.cucumber.testng.FeatureWrapper)[pri:0, instance:runner.RunCake@2a7f1f10]" started-at="2025-01-02T20:56:21 BRT" name="runScenario" description="Runs Cucumber Scenarios" data-provider="scenarios" finished-at="2025-01-02T20:56:22 BRT" duration-ms="196" status="PASS">
          <params>
            <param index="0">
              <value>
                <![CDATA["Login to the facebook website as a user"]]>
              </value>
            </param>
            <param index="1">
              <value>
                <![CDATA["Login Feature"]]>
              </value>
            </param>
          </params>
          <reporter-output>
          </reporter-output>
        </test-method> <!-- runScenario -->
        <test-method signature="runScenario(io.cucumber.testng.PickleWrapper,io.cucumber.testng.FeatureWrapper)[pri:0, instance:runner.RunCake@2a7f1f10]" started-at="2025-01-02T20:56:22 BRT" name="runScenario" description="Runs Cucumber Scenarios" data-provider="scenarios" finished-at="2025-01-02T20:56:22 BRT" duration-ms="48" status="PASS">
          <params>
            <param index="0">
              <value>
                <![CDATA["Login to the facebook website as a user"]]>
              </value>
            </param>
            <param index="1">
              <value>
                <![CDATA["Login Feature"]]>
              </value>
            </param>
          </params>
          <reporter-output>
          </reporter-output>
        </test-method> <!-- runScenario -->
        <test-method signature="runScenario(io.cucumber.testng.PickleWrapper,io.cucumber.testng.FeatureWrapper)[pri:0, instance:runner.RunCake@2a7f1f10]" started-at="2025-01-02T20:56:22 BRT" name="runScenario" description="Runs Cucumber Scenarios" data-provider="scenarios" finished-at="2025-01-02T20:56:22 BRT" duration-ms="55" status="PASS">
          <params>
            <param index="0">
              <value>
                <![CDATA["Login to the facebook website as a user"]]>
              </value>
            </param>
            <param index="1">
              <value>
                <![CDATA["Login Feature"]]>
              </value>
            </param>
          </params>
          <reporter-output>
          </reporter-output>
        </test-method> <!-- runScenario -->
        <test-method signature="runScenario(io.cucumber.testng.PickleWrapper,io.cucumber.testng.FeatureWrapper)[pri:0, instance:runner.RunCake@2a7f1f10]" started-at="2025-01-02T20:56:22 BRT" name="runScenario" description="Runs Cucumber Scenarios" data-provider="scenarios" finished-at="2025-01-02T20:56:22 BRT" duration-ms="40" status="PASS">
          <params>
            <param index="0">
              <value>
                <![CDATA["Login to the facebook website as a user"]]>
              </value>
            </param>
            <param index="1">
              <value>
                <![CDATA["Login Feature"]]>
              </value>
            </param>
          </params>
          <reporter-output>
          </reporter-output>
        </test-method> <!-- runScenario -->
        <test-method signature="runScenario(io.cucumber.testng.PickleWrapper,io.cucumber.testng.FeatureWrapper)[pri:0, instance:runner.RunCake@2a7f1f10]" started-at="2025-01-02T20:56:22 BRT" name="runScenario" description="Runs Cucumber Scenarios" data-provider="scenarios" finished-at="2025-01-02T20:56:22 BRT" duration-ms="518" status="PASS">
          <params>
            <param index="0">
              <value>
                <![CDATA["Login to the facebook website using invalid username"]]>
              </value>
            </param>
            <param index="1">
              <value>
                <![CDATA["Login Feature"]]>
              </value>
            </param>
          </params>
          <reporter-output>
          </reporter-output>
        </test-method> <!-- runScenario -->
        <test-method signature="runScenario(io.cucumber.testng.PickleWrapper,io.cucumber.testng.FeatureWrapper)[pri:0, instance:runner.RunCake@2a7f1f10]" started-at="2025-01-02T20:56:22 BRT" name="runScenario" description="Runs Cucumber Scenarios" data-provider="scenarios" finished-at="2025-01-02T20:56:22 BRT" duration-ms="25" status="PASS">
          <params>
            <param index="0">
              <value>
                <![CDATA["Login to the facebook website as a user on Production"]]>
              </value>
            </param>
            <param index="1">
              <value>
                <![CDATA["Login Feature"]]>
              </value>
            </param>
          </params>
          <reporter-output>
          </reporter-output>
        </test-method> <!-- runScenario -->
        <test-method signature="runScenario(io.cucumber.testng.PickleWrapper,io.cucumber.testng.FeatureWrapper)[pri:0, instance:runner.RunCake@2a7f1f10]" started-at="2025-01-02T20:56:22 BRT" name="runScenario" description="Runs Cucumber Scenarios" data-provider="scenarios" finished-at="2025-01-02T20:56:22 BRT" duration-ms="27" status="PASS">
          <params>
            <param index="0">
              <value>
                <![CDATA["Login to the facebook website as a user on Production"]]>
              </value>
            </param>
            <param index="1">
              <value>
                <![CDATA["Login Feature"]]>
              </value>
            </param>
          </params>
          <reporter-output>
          </reporter-output>
        </test-method> <!-- runScenario -->
        <test-method signature="runScenario(io.cucumber.testng.PickleWrapper,io.cucumber.testng.FeatureWrapper)[pri:0, instance:runner.RunCake@2a7f1f10]" started-at="2025-01-02T20:56:22 BRT" name="runScenario" description="Runs Cucumber Scenarios" data-provider="scenarios" finished-at="2025-01-02T20:56:22 BRT" duration-ms="26" status="PASS">
          <params>
            <param index="0">
              <value>
                <![CDATA["Login to the facebook website as a user on Production"]]>
              </value>
            </param>
            <param index="1">
              <value>
                <![CDATA["Login Feature"]]>
              </value>
            </param>
          </params>
          <reporter-output>
          </reporter-output>
        </test-method> <!-- runScenario -->
        <test-method signature="runScenario(io.cucumber.testng.PickleWrapper,io.cucumber.testng.FeatureWrapper)[pri:0, instance:runner.RunCake@2a7f1f10]" started-at="2025-01-02T20:56:22 BRT" name="runScenario" description="Runs Cucumber Scenarios" data-provider="scenarios" finished-at="2025-01-02T20:56:22 BRT" duration-ms="19" status="PASS">
          <params>
            <param index="0">
              <value>
                <![CDATA["Login to the facebook website as a user on Production"]]>
              </value>
            </param>
            <param index="1">
              <value>
                <![CDATA["Login Feature"]]>
              </value>
            </param>
          </params>
          <reporter-output>
          </reporter-output>
        </test-method> <!-- runScenario -->
        <test-method signature="runScenario(io.cucumber.testng.PickleWrapper,io.cucumber.testng.FeatureWrapper)[pri:0, instance:runner.RunCake@2a7f1f10]" started-at="2025-01-02T20:56:22 BRT" name="runScenario" description="Runs Cucumber Scenarios" data-provider="scenarios" finished-at="2025-01-02T20:56:22 BRT" duration-ms="29" status="PASS">
          <params>
            <param index="0">
              <value>
                <![CDATA["Login to the facebook website as a valid user on Staging"]]>
              </value>
            </param>
            <param index="1">
              <value>
                <![CDATA["Login Feature - Staging"]]>
              </value>
            </param>
          </params>
          <reporter-output>
          </reporter-output>
        </test-method> <!-- runScenario -->
        <test-method signature="runScenario(io.cucumber.testng.PickleWrapper,io.cucumber.testng.FeatureWrapper)[pri:0, instance:runner.RunCake@2a7f1f10]" started-at="2025-01-02T20:56:22 BRT" name="runScenario" description="Runs Cucumber Scenarios" data-provider="scenarios" finished-at="2025-01-02T20:56:22 BRT" duration-ms="29" status="PASS">
          <params>
            <param index="0">
              <value>
                <![CDATA["Login to the facebook website as a invalid user on Staging"]]>
              </value>
            </param>
            <param index="1">
              <value>
                <![CDATA["Login Feature - Staging"]]>
              </value>
            </param>
          </params>
          <reporter-output>
          </reporter-output>
        </test-method> <!-- runScenario -->
        <test-method is-config="true" signature="tearDownClass()[pri:0, instance:runner.RunCake@2a7f1f10]" started-at="2025-01-02T20:56:22 BRT" name="tearDownClass" finished-at="2025-01-02T20:56:23 BRT" duration-ms="356" status="PASS">
          <reporter-output>
          </reporter-output>
        </test-method> <!-- tearDownClass -->
      </class> <!-- runner.RunCake -->
    </test> <!-- Default test -->
  </suite> <!-- Default suite -->
</testng-results>
