<?xml version="1.0" encoding="UTF-8"?>
<testng-results ignored="0" total="2" passed="2" failed="0" skipped="0">
  <reporter-output>
  </reporter-output>
  <suite started-at="2024-12-16T21:56:38 BRT" name="Default suite" finished-at="2024-12-16T21:56:40 BRT" duration-ms="1456">
    <groups>
      <group name="cucumber">
        <method signature="AbstractTestNGCucumberTests.runScenario(io.cucumber.testng.PickleWrapper,io.cucumber.testng.FeatureWrapper)[pri:0, instance:runner.RunCake@2a7f1f10]" name="runScenario" class="io.cucumber.testng.AbstractTestNGCucumberTests"/>
      </group> <!-- cucumber -->
    </groups>
    <test started-at="2024-12-16T21:56:38 BRT" name="Default test" finished-at="2024-12-16T21:56:40 BRT" duration-ms="1456">
      <class name="runner.RunCake">
        <test-method is-config="true" signature="setUpClass(org.testng.ITestContext)[pri:0, instance:runner.RunCake@2a7f1f10]" started-at="2024-12-16T21:56:38 BRT" name="setUpClass" finished-at="2024-12-16T21:56:39 BRT" duration-ms="922" status="PASS">
          <params>
            <param index="0">
              <value>
                <![CDATA[org.testng.TestRunner@658255aa]]>
              </value>
            </param>
          </params>
          <reporter-output>
          </reporter-output>
        </test-method> <!-- setUpClass -->
        <test-method signature="runScenario(io.cucumber.testng.PickleWrapper,io.cucumber.testng.FeatureWrapper)[pri:0, instance:runner.RunCake@2a7f1f10]" started-at="2024-12-16T21:56:39 BRT" name="runScenario" description="Runs Cucumber Scenarios" data-provider="scenarios" finished-at="2024-12-16T21:56:40 BRT" duration-ms="167" status="PASS">
          <params>
            <param index="0">
              <value>
                <![CDATA["Login to the facebook website as a valid user on Staging"]]>
              </value>
            </param>
            <param index="1">
              <value>
                <![CDATA["Login Feature - Staging"]]>
              </value>
            </param>
          </params>
          <reporter-output>
          </reporter-output>
        </test-method> <!-- runScenario -->
        <test-method signature="runScenario(io.cucumber.testng.PickleWrapper,io.cucumber.testng.FeatureWrapper)[pri:0, instance:runner.RunCake@2a7f1f10]" started-at="2024-12-16T21:56:40 BRT" name="runScenario" description="Runs Cucumber Scenarios" data-provider="scenarios" finished-at="2024-12-16T21:56:40 BRT" duration-ms="18" status="PASS">
          <params>
            <param index="0">
              <value>
                <![CDATA["Login to the facebook website as a invalid user on Staging"]]>
              </value>
            </param>
            <param index="1">
              <value>
                <![CDATA["Login Feature - Staging"]]>
              </value>
            </param>
          </params>
          <reporter-output>
          </reporter-output>
        </test-method> <!-- runScenario -->
        <test-method is-config="true" signature="tearDownClass()[pri:0, instance:runner.RunCake@2a7f1f10]" started-at="2024-12-16T21:56:40 BRT" name="tearDownClass" finished-at="2024-12-16T21:56:40 BRT" duration-ms="297" status="PASS">
          <reporter-output>
          </reporter-output>
        </test-method> <!-- tearDownClass -->
      </class> <!-- runner.RunCake -->
    </test> <!-- Default test -->
  </suite> <!-- Default suite -->
</testng-results>
